objc[15080]: Class AXEmojiUtilities is implemented in both /Applications/Xcode.app/Contents/Developer/Platforms/iPhoneSimulator.platform/Developer/SDKs/iPhoneSimulator7.1.sdk/System/Library/PrivateFrameworks/AccessibilityUtilities.framework/AccessibilityUtilities and /Applications/Xcode.app/Contents/Developer/Platforms/iPhoneSimulator.platform/Developer/SDKs/iPhoneSimulator7.1.sdk/usr/lib/libAXSpeechManager.dylib. One of the two will be used. Which one is undefined.
2014-08-12 12:37:16.895 appriporta[15080:70b] Cannot find executable for CFBundle 0xa7873b0 </Applications/Xcode.app/Contents/Developer/Platforms/iPhoneSimulator.platform/Developer/SDKs/iPhoneSimulator7.1.sdk/System/Library/AccessibilityBundles/GeoServices.axbundle> (not loaded)
2014-08-12 12:37:16.901 appriporta[15080:70b] Cannot find executable for CFBundle 0xa570270 </Applications/Xcode.app/Contents/Developer/Platforms/iPhoneSimulator.platform/Developer/SDKs/iPhoneSimulator7.1.sdk/System/Library/AccessibilityBundles/CertUIFramework.axbundle> (not loaded)
2014-08-12 12:37:16.986 appriporta[15080:70b] Multi-tasking -> Device: YES, App: YES
2014-08-12 12:37:17.005 appriporta[15080:70b] Unlimited access to network resources
2014-08-12 12:37:17.007 appriporta[15080:70b] 

Started backup to iCloud! Please be careful.
Your application might rejected by Apple if you store too much data.
For more information please read "iOS Data Storage Guidelines"
You could find it at the following address https://developer.apple.com/icloud/documentation/data-storage/ .

2014-08-12 12:37:17.168 appriporta[15080:70b] Resetting plugins due to page load.
2014-08-12 12:37:17.212 appriporta[15080:70b] Finished load of: file:///Users/pscanf/Library/Application%20Support/iPhone%20Simulator/7.1/Applications/5F3529A6-925C-49FF-8A5F-CEF7152DD948/appriporta.app/www/index.html
2014-08-12 12:38:15.738 appriporta[15080:70b] Setting the WebView's frame to {{0, 0}, {320, 436}}
2014-08-12 12:38:15.738 appriporta[15080:70b] Setting the WebView's frame to {{0, 0}, {320, 480}}
2014-08-12 12:38:15.742 appriporta[15080:70b] THREAD WARNING: ['InAppBrowser'] took '29.369141' ms. Plugin should use a background thread.
2014-08-12 12:39:10.550 appriporta[15080:70b] Setting the WebView's frame to {{0, 0}, {320, 436}}
2014-08-12 12:39:10.551 appriporta[15080:70b] Setting the WebView's frame to {{0, 0}, {320, 480}}
objc[15730]: Class AXEmojiUtilities is implemented in both /Applications/Xcode.app/Contents/Developer/Platforms/iPhoneSimulator.platform/Developer/SDKs/iPhoneSimulator7.1.sdk/System/Library/PrivateFrameworks/AccessibilityUtilities.framework/AccessibilityUtilities and /Applications/Xcode.app/Contents/Developer/Platforms/iPhoneSimulator.platform/Developer/SDKs/iPhoneSimulator7.1.sdk/usr/lib/libAXSpeechManager.dylib. One of the two will be used. Which one is undefined.
2014-08-12 12:45:03.572 appriporta[15730:70b] Cannot find executable for CFBundle 0xa441910 </Applications/Xcode.app/Contents/Developer/Platforms/iPhoneSimulator.platform/Developer/SDKs/iPhoneSimulator7.1.sdk/System/Library/AccessibilityBundles/GeoServices.axbundle> (not loaded)
2014-08-12 12:45:03.575 appriporta[15730:70b] Cannot find executable for CFBundle 0xa44a0c0 </Applications/Xcode.app/Contents/Developer/Platforms/iPhoneSimulator.platform/Developer/SDKs/iPhoneSimulator7.1.sdk/System/Library/AccessibilityBundles/CertUIFramework.axbundle> (not loaded)
2014-08-12 12:45:03.633 appriporta[15730:70b] Multi-tasking -> Device: YES, App: YES
2014-08-12 12:45:03.638 appriporta[15730:70b] Unlimited access to network resources
2014-08-12 12:45:03.640 appriporta[15730:70b] 

Started backup to iCloud! Please be careful.
Your application might rejected by Apple if you store too much data.
For more information please read "iOS Data Storage Guidelines"
You could find it at the following address https://developer.apple.com/icloud/documentation/data-storage/ .

2014-08-12 12:45:03.749 appriporta[15730:70b] Resetting plugins due to page load.
2014-08-12 12:45:03.783 appriporta[15730:70b] Finished load of: file:///Users/pscanf/Library/Application%20Support/iPhone%20Simulator/7.1/Applications/5F3529A6-925C-49FF-8A5F-CEF7152DD948/appriporta.app/www/index.html
2014-08-12 12:45:06.001 appriporta[15730:70b] Setting the WebView's frame to {{0, 0}, {320, 436}}
2014-08-12 12:45:06.001 appriporta[15730:70b] Setting the WebView's frame to {{0, 0}, {320, 480}}
2014-08-12 12:45:06.004 appriporta[15730:70b] THREAD WARNING: ['InAppBrowser'] took '16.999756' ms. Plugin should use a background thread.
Terminating in response to SpringBoard's termination.
objc[15919]: Class AXEmojiUtilities is implemented in both /Applications/Xcode.app/Contents/Developer/Platforms/iPhoneSimulator.platform/Developer/SDKs/iPhoneSimulator7.1.sdk/System/Library/PrivateFrameworks/AccessibilityUtilities.framework/AccessibilityUtilities and /Applications/Xcode.app/Contents/Developer/Platforms/iPhoneSimulator.platform/Developer/SDKs/iPhoneSimulator7.1.sdk/usr/lib/libAXSpeechManager.dylib. One of the two will be used. Which one is undefined.
2014-08-12 12:52:22.258 appriporta[15919:70b] Cannot find executable for CFBundle 0xa352060 </Applications/Xcode.app/Contents/Developer/Platforms/iPhoneSimulator.platform/Developer/SDKs/iPhoneSimulator7.1.sdk/System/Library/AccessibilityBundles/GeoServices.axbundle> (not loaded)
2014-08-12 12:52:22.264 appriporta[15919:70b] Cannot find executable for CFBundle 0xa3730d0 </Applications/Xcode.app/Contents/Developer/Platforms/iPhoneSimulator.platform/Developer/SDKs/iPhoneSimulator7.1.sdk/System/Library/AccessibilityBundles/CertUIFramework.axbundle> (not loaded)
2014-08-12 12:52:22.308 appriporta[15919:70b] Multi-tasking -> Device: YES, App: YES
2014-08-12 12:52:22.313 appriporta[15919:70b] Unlimited access to network resources
2014-08-12 12:52:22.315 appriporta[15919:70b] 

Started backup to iCloud! Please be careful.
Your application might rejected by Apple if you store too much data.
For more information please read "iOS Data Storage Guidelines"
You could find it at the following address https://developer.apple.com/icloud/documentation/data-storage/ .

2014-08-12 12:52:22.418 appriporta[15919:70b] Resetting plugins due to page load.
2014-08-12 12:52:22.449 appriporta[15919:70b] Finished load of: file:///Users/pscanf/Library/Application%20Support/iPhone%20Simulator/7.1/Applications/5F3529A6-925C-49FF-8A5F-CEF7152DD948/appriporta.app/www/index.html
Terminating in response to SpringBoard's termination.
objc[16676]: Class AXEmojiUtilities is implemented in both /Applications/Xcode.app/Contents/Developer/Platforms/iPhoneSimulator.platform/Developer/SDKs/iPhoneSimulator7.1.sdk/System/Library/PrivateFrameworks/AccessibilityUtilities.framework/AccessibilityUtilities and /Applications/Xcode.app/Contents/Developer/Platforms/iPhoneSimulator.platform/Developer/SDKs/iPhoneSimulator7.1.sdk/usr/lib/libAXSpeechManager.dylib. One of the two will be used. Which one is undefined.
2014-08-12 14:12:19.051 appriporta[16676:70b] Cannot find executable for CFBundle 0xa74b250 </Applications/Xcode.app/Contents/Developer/Platforms/iPhoneSimulator.platform/Developer/SDKs/iPhoneSimulator7.1.sdk/System/Library/AccessibilityBundles/CertUIFramework.axbundle> (not loaded)
2014-08-12 14:12:19.055 appriporta[16676:70b] Cannot find executable for CFBundle 0xa76d690 </Applications/Xcode.app/Contents/Developer/Platforms/iPhoneSimulator.platform/Developer/SDKs/iPhoneSimulator7.1.sdk/System/Library/AccessibilityBundles/GeoServices.axbundle> (not loaded)
2014-08-12 14:12:19.102 appriporta[16676:70b] Multi-tasking -> Device: YES, App: YES
2014-08-12 14:12:19.121 appriporta[16676:70b] Unlimited access to network resources
2014-08-12 14:12:19.123 appriporta[16676:70b] 

Started backup to iCloud! Please be careful.
Your application might rejected by Apple if you store too much data.
For more information please read "iOS Data Storage Guidelines"
You could find it at the following address https://developer.apple.com/icloud/documentation/data-storage/ .

2014-08-12 14:12:19.200 appriporta[16676:70b] Resetting plugins due to page load.
2014-08-12 14:12:19.236 appriporta[16676:70b] Finished load of: file:///Users/pscanf/Library/Application%20Support/iPhone%20Simulator/7.1/Applications/5F3529A6-925C-49FF-8A5F-CEF7152DD948/appriporta.app/www/index.html
objc[20301]: Class AXEmojiUtilities is implemented in both /Applications/Xcode.app/Contents/Developer/Platforms/iPhoneSimulator.platform/Developer/SDKs/iPhoneSimulator7.1.sdk/System/Library/PrivateFrameworks/AccessibilityUtilities.framework/AccessibilityUtilities and /Applications/Xcode.app/Contents/Developer/Platforms/iPhoneSimulator.platform/Developer/SDKs/iPhoneSimulator7.1.sdk/usr/lib/libAXSpeechManager.dylib. One of the two will be used. Which one is undefined.
2014-08-12 14:59:05.053 appriporta[20301:70b] Cannot find executable for CFBundle 0xa930430 </Applications/Xcode.app/Contents/Developer/Platforms/iPhoneSimulator.platform/Developer/SDKs/iPhoneSimulator7.1.sdk/System/Library/AccessibilityBundles/CertUIFramework.axbundle> (not loaded)
2014-08-12 14:59:05.057 appriporta[20301:70b] Cannot find executable for CFBundle 0xa63ff70 </Applications/Xcode.app/Contents/Developer/Platforms/iPhoneSimulator.platform/Developer/SDKs/iPhoneSimulator7.1.sdk/System/Library/AccessibilityBundles/GeoServices.axbundle> (not loaded)
2014-08-12 14:59:05.111 appriporta[20301:70b] Multi-tasking -> Device: YES, App: YES
2014-08-12 14:59:05.118 appriporta[20301:70b] Unlimited access to network resources
2014-08-12 14:59:05.121 appriporta[20301:70b] 

Started backup to iCloud! Please be careful.
Your application might rejected by Apple if you store too much data.
For more information please read "iOS Data Storage Guidelines"
You could find it at the following address https://developer.apple.com/icloud/documentation/data-storage/ .

2014-08-12 14:59:05.355 appriporta[20301:70b] Resetting plugins due to page load.
2014-08-12 14:59:05.432 appriporta[20301:70b] Finished load of: file:///Users/pscanf/Library/Application%20Support/iPhone%20Simulator/7.1/Applications/5F3529A6-925C-49FF-8A5F-CEF7152DD948/appriporta.app/www/index.html
Terminating in response to SpringBoard's termination.
objc[26004]: Class AXEmojiUtilities is implemented in both /Applications/Xcode.app/Contents/Developer/Platforms/iPhoneSimulator.platform/Developer/SDKs/iPhoneSimulator7.1.sdk/System/Library/PrivateFrameworks/AccessibilityUtilities.framework/AccessibilityUtilities and /Applications/Xcode.app/Contents/Developer/Platforms/iPhoneSimulator.platform/Developer/SDKs/iPhoneSimulator7.1.sdk/usr/lib/libAXSpeechManager.dylib. One of the two will be used. Which one is undefined.
2014-08-12 17:22:23.489 appriporta[26004:70b] Cannot find executable for CFBundle 0xa688d00 </Applications/Xcode.app/Contents/Developer/Platforms/iPhoneSimulator.platform/Developer/SDKs/iPhoneSimulator7.1.sdk/System/Library/AccessibilityBundles/GeoServices.axbundle> (not loaded)
2014-08-12 17:22:23.493 appriporta[26004:70b] Cannot find executable for CFBundle 0xa6a9ce0 </Applications/Xcode.app/Contents/Developer/Platforms/iPhoneSimulator.platform/Developer/SDKs/iPhoneSimulator7.1.sdk/System/Library/AccessibilityBundles/CertUIFramework.axbundle> (not loaded)
2014-08-12 17:22:23.536 appriporta[26004:70b] Multi-tasking -> Device: YES, App: YES
2014-08-12 17:22:23.543 appriporta[26004:70b] Unlimited access to network resources
2014-08-12 17:22:23.546 appriporta[26004:70b] 

Started backup to iCloud! Please be careful.
Your application might rejected by Apple if you store too much data.
For more information please read "iOS Data Storage Guidelines"
You could find it at the following address https://developer.apple.com/icloud/documentation/data-storage/ .

2014-08-12 17:22:23.644 appriporta[26004:70b] Resetting plugins due to page load.
2014-08-12 17:22:23.695 appriporta[26004:70b] Finished load of: file:///Users/pscanf/Library/Application%20Support/iPhone%20Simulator/7.1/Applications/5F3529A6-925C-49FF-8A5F-CEF7152DD948/appriporta.app/www/index.html
objc[26268]: Class AXEmojiUtilities is implemented in both /Applications/Xcode.app/Contents/Developer/Platforms/iPhoneSimulator.platform/Developer/SDKs/iPhoneSimulator7.1.sdk/System/Library/PrivateFrameworks/AccessibilityUtilities.framework/AccessibilityUtilities and /Applications/Xcode.app/Contents/Developer/Platforms/iPhoneSimulator.platform/Developer/SDKs/iPhoneSimulator7.1.sdk/usr/lib/libAXSpeechManager.dylib. One of the two will be used. Which one is undefined.
2014-08-12 17:28:16.701 appriporta[26268:70b] Cannot find executable for CFBundle 0xa4dbec0 </Applications/Xcode.app/Contents/Developer/Platforms/iPhoneSimulator.platform/Developer/SDKs/iPhoneSimulator7.1.sdk/System/Library/AccessibilityBundles/GeoServices.axbundle> (not loaded)
2014-08-12 17:28:16.705 appriporta[26268:70b] Cannot find executable for CFBundle 0xa593e40 </Applications/Xcode.app/Contents/Developer/Platforms/iPhoneSimulator.platform/Developer/SDKs/iPhoneSimulator7.1.sdk/System/Library/AccessibilityBundles/CertUIFramework.axbundle> (not loaded)
2014-08-12 17:28:16.725 appriporta[26268:70b] Multi-tasking -> Device: YES, App: YES
2014-08-12 17:28:16.730 appriporta[26268:70b] Unlimited access to network resources
2014-08-12 17:28:16.732 appriporta[26268:70b] 

Started backup to iCloud! Please be careful.
Your application might rejected by Apple if you store too much data.
For more information please read "iOS Data Storage Guidelines"
You could find it at the following address https://developer.apple.com/icloud/documentation/data-storage/ .

2014-08-12 17:28:16.777 appriporta[26268:70b] Resetting plugins due to page load.
2014-08-12 17:28:16.813 appriporta[26268:70b] Finished load of: file:///Users/pscanf/Library/Application%20Support/iPhone%20Simulator/7.1/Applications/5F3529A6-925C-49FF-8A5F-CEF7152DD948/appriporta.app/www/index.html
objc[26638]: Class AXEmojiUtilities is implemented in both /Applications/Xcode.app/Contents/Developer/Platforms/iPhoneSimulator.platform/Developer/SDKs/iPhoneSimulator7.1.sdk/System/Library/PrivateFrameworks/AccessibilityUtilities.framework/AccessibilityUtilities and /Applications/Xcode.app/Contents/Developer/Platforms/iPhoneSimulator.platform/Developer/SDKs/iPhoneSimulator7.1.sdk/usr/lib/libAXSpeechManager.dylib. One of the two will be used. Which one is undefined.
2014-08-12 17:30:44.268 appriporta[26638:70b] Cannot find executable for CFBundle 0xc074630 </Applications/Xcode.app/Contents/Developer/Platforms/iPhoneSimulator.platform/Developer/SDKs/iPhoneSimulator7.1.sdk/System/Library/AccessibilityBundles/CertUIFramework.axbundle> (not loaded)
2014-08-12 17:30:44.271 appriporta[26638:70b] Cannot find executable for CFBundle 0xc08c920 </Applications/Xcode.app/Contents/Developer/Platforms/iPhoneSimulator.platform/Developer/SDKs/iPhoneSimulator7.1.sdk/System/Library/AccessibilityBundles/GeoServices.axbundle> (not loaded)
2014-08-12 17:30:44.290 appriporta[26638:70b] Multi-tasking -> Device: YES, App: YES
2014-08-12 17:30:44.294 appriporta[26638:70b] Unlimited access to network resources
2014-08-12 17:30:44.296 appriporta[26638:70b] 

Started backup to iCloud! Please be careful.
Your application might rejected by Apple if you store too much data.
For more information please read "iOS Data Storage Guidelines"
You could find it at the following address https://developer.apple.com/icloud/documentation/data-storage/ .

2014-08-12 17:30:44.341 appriporta[26638:70b] Resetting plugins due to page load.
2014-08-12 17:30:44.368 appriporta[26638:70b] Finished load of: file:///Users/pscanf/Library/Application%20Support/iPhone%20Simulator/7.1/Applications/5F3529A6-925C-49FF-8A5F-CEF7152DD948/appriporta.app/www/index.html
objc[27284]: Class AXEmojiUtilities is implemented in both /Applications/Xcode.app/Contents/Developer/Platforms/iPhoneSimulator.platform/Developer/SDKs/iPhoneSimulator7.1.sdk/System/Library/PrivateFrameworks/AccessibilityUtilities.framework/AccessibilityUtilities and /Applications/Xcode.app/Contents/Developer/Platforms/iPhoneSimulator.platform/Developer/SDKs/iPhoneSimulator7.1.sdk/usr/lib/libAXSpeechManager.dylib. One of the two will be used. Which one is undefined.
2014-08-12 17:39:21.921 appriporta[27284:70b] Cannot find executable for CFBundle 0xa7540f0 </Applications/Xcode.app/Contents/Developer/Platforms/iPhoneSimulator.platform/Developer/SDKs/iPhoneSimulator7.1.sdk/System/Library/AccessibilityBundles/CertUIFramework.axbundle> (not loaded)
2014-08-12 17:39:21.924 appriporta[27284:70b] Cannot find executable for CFBundle 0xa451c00 </Applications/Xcode.app/Contents/Developer/Platforms/iPhoneSimulator.platform/Developer/SDKs/iPhoneSimulator7.1.sdk/System/Library/AccessibilityBundles/GeoServices.axbundle> (not loaded)
2014-08-12 17:39:21.961 appriporta[27284:70b] Multi-tasking -> Device: YES, App: YES
2014-08-12 17:39:21.965 appriporta[27284:70b] Unlimited access to network resources
2014-08-12 17:39:21.967 appriporta[27284:70b] 

Started backup to iCloud! Please be careful.
Your application might rejected by Apple if you store too much data.
For more information please read "iOS Data Storage Guidelines"
You could find it at the following address https://developer.apple.com/icloud/documentation/data-storage/ .

2014-08-12 17:39:22.031 appriporta[27284:70b] Resetting plugins due to page load.
2014-08-12 17:39:22.057 appriporta[27284:70b] Finished load of: file:///Users/pscanf/Library/Application%20Support/iPhone%20Simulator/7.1/Applications/5F3529A6-925C-49FF-8A5F-CEF7152DD948/appriporta.app/www/index.html
objc[27494]: Class AXEmojiUtilities is implemented in both /Applications/Xcode.app/Contents/Developer/Platforms/iPhoneSimulator.platform/Developer/SDKs/iPhoneSimulator7.1.sdk/System/Library/PrivateFrameworks/AccessibilityUtilities.framework/AccessibilityUtilities and /Applications/Xcode.app/Contents/Developer/Platforms/iPhoneSimulator.platform/Developer/SDKs/iPhoneSimulator7.1.sdk/usr/lib/libAXSpeechManager.dylib. One of the two will be used. Which one is undefined.
2014-08-12 17:41:10.259 appriporta[27494:70b] Cannot find executable for CFBundle 0xb932c50 </Applications/Xcode.app/Contents/Developer/Platforms/iPhoneSimulator.platform/Developer/SDKs/iPhoneSimulator7.1.sdk/System/Library/AccessibilityBundles/CertUIFramework.axbundle> (not loaded)
2014-08-12 17:41:10.262 appriporta[27494:70b] Cannot find executable for CFBundle 0xa7673a0 </Applications/Xcode.app/Contents/Developer/Platforms/iPhoneSimulator.platform/Developer/SDKs/iPhoneSimulator7.1.sdk/System/Library/AccessibilityBundles/GeoServices.axbundle> (not loaded)
2014-08-12 17:41:10.281 appriporta[27494:70b] Multi-tasking -> Device: YES, App: YES
2014-08-12 17:41:10.286 appriporta[27494:70b] Unlimited access to network resources
2014-08-12 17:41:10.287 appriporta[27494:70b] 

Started backup to iCloud! Please be careful.
Your application might rejected by Apple if you store too much data.
For more information please read "iOS Data Storage Guidelines"
You could find it at the following address https://developer.apple.com/icloud/documentation/data-storage/ .

2014-08-12 17:41:10.337 appriporta[27494:70b] Resetting plugins due to page load.
2014-08-12 17:41:10.365 appriporta[27494:70b] Finished load of: file:///Users/pscanf/Library/Application%20Support/iPhone%20Simulator/7.1/Applications/5F3529A6-925C-49FF-8A5F-CEF7152DD948/appriporta.app/www/index.html
objc[27649]: Class AXEmojiUtilities is implemented in both /Applications/Xcode.app/Contents/Developer/Platforms/iPhoneSimulator.platform/Developer/SDKs/iPhoneSimulator7.1.sdk/System/Library/PrivateFrameworks/AccessibilityUtilities.framework/AccessibilityUtilities and /Applications/Xcode.app/Contents/Developer/Platforms/iPhoneSimulator.platform/Developer/SDKs/iPhoneSimulator7.1.sdk/usr/lib/libAXSpeechManager.dylib. One of the two will be used. Which one is undefined.
2014-08-12 17:41:56.413 appriporta[27649:70b] Cannot find executable for CFBundle 0xa73ed50 </Applications/Xcode.app/Contents/Developer/Platforms/iPhoneSimulator.platform/Developer/SDKs/iPhoneSimulator7.1.sdk/System/Library/AccessibilityBundles/CertUIFramework.axbundle> (not loaded)
2014-08-12 17:41:56.417 appriporta[27649:70b] Cannot find executable for CFBundle 0xa758630 </Applications/Xcode.app/Contents/Developer/Platforms/iPhoneSimulator.platform/Developer/SDKs/iPhoneSimulator7.1.sdk/System/Library/AccessibilityBundles/GeoServices.axbundle> (not loaded)
2014-08-12 17:41:56.447 appriporta[27649:70b] Multi-tasking -> Device: YES, App: YES
2014-08-12 17:41:56.452 appriporta[27649:70b] Unlimited access to network resources
2014-08-12 17:41:56.453 appriporta[27649:70b] 

Started backup to iCloud! Please be careful.
Your application might rejected by Apple if you store too much data.
For more information please read "iOS Data Storage Guidelines"
You could find it at the following address https://developer.apple.com/icloud/documentation/data-storage/ .

2014-08-12 17:41:56.519 appriporta[27649:70b] Resetting plugins due to page load.
2014-08-12 17:41:56.547 appriporta[27649:70b] Finished load of: file:///Users/pscanf/Library/Application%20Support/iPhone%20Simulator/7.1/Applications/5F3529A6-925C-49FF-8A5F-CEF7152DD948/appriporta.app/www/index.html
objc[27913]: Class AXEmojiUtilities is implemented in both /Applications/Xcode.app/Contents/Developer/Platforms/iPhoneSimulator.platform/Developer/SDKs/iPhoneSimulator7.1.sdk/System/Library/PrivateFrameworks/AccessibilityUtilities.framework/AccessibilityUtilities and /Applications/Xcode.app/Contents/Developer/Platforms/iPhoneSimulator.platform/Developer/SDKs/iPhoneSimulator7.1.sdk/usr/lib/libAXSpeechManager.dylib. One of the two will be used. Which one is undefined.
2014-08-12 17:46:49.363 appriporta[27913:70b] Cannot find executable for CFBundle 0xa48a0f0 </Applications/Xcode.app/Contents/Developer/Platforms/iPhoneSimulator.platform/Developer/SDKs/iPhoneSimulator7.1.sdk/System/Library/AccessibilityBundles/CertUIFramework.axbundle> (not loaded)
2014-08-12 17:46:49.367 appriporta[27913:70b] Cannot find executable for CFBundle 0xa78eac0 </Applications/Xcode.app/Contents/Developer/Platforms/iPhoneSimulator.platform/Developer/SDKs/iPhoneSimulator7.1.sdk/System/Library/AccessibilityBundles/GeoServices.axbundle> (not loaded)
2014-08-12 17:46:49.385 appriporta[27913:70b] Multi-tasking -> Device: YES, App: YES
2014-08-12 17:46:49.390 appriporta[27913:70b] Unlimited access to network resources
2014-08-12 17:46:49.392 appriporta[27913:70b] 

Started backup to iCloud! Please be careful.
Your application might rejected by Apple if you store too much data.
For more information please read "iOS Data Storage Guidelines"
You could find it at the following address https://developer.apple.com/icloud/documentation/data-storage/ .

2014-08-12 17:46:49.438 appriporta[27913:70b] Resetting plugins due to page load.
2014-08-12 17:46:49.466 appriporta[27913:70b] Finished load of: file:///Users/pscanf/Library/Application%20Support/iPhone%20Simulator/7.1/Applications/5F3529A6-925C-49FF-8A5F-CEF7152DD948/appriporta.app/www/index.html
2014-08-12 17:47:10.669 appriporta[27913:70b] Setting the WebView's frame to {{0, 0}, {320, 436}}
2014-08-12 17:47:10.669 appriporta[27913:70b] Setting the WebView's frame to {{0, 0}, {320, 480}}
2014-08-12 17:47:10.672 appriporta[27913:70b] THREAD WARNING: ['InAppBrowser'] took '34.104248' ms. Plugin should use a background thread.
2014-08-12 17:47:22.124 appriporta[27913:70b] webView:didFailLoadWithError - -999: The operation couldn’t be completed. (NSURLErrorDomain error -999.)
Terminating in response to SpringBoard's termination.
objc[36404]: Class AXEmojiUtilities is implemented in both /Applications/Xcode.app/Contents/Developer/Platforms/iPhoneSimulator.platform/Developer/SDKs/iPhoneSimulator7.1.sdk/System/Library/PrivateFrameworks/AccessibilityUtilities.framework/AccessibilityUtilities and /Applications/Xcode.app/Contents/Developer/Platforms/iPhoneSimulator.platform/Developer/SDKs/iPhoneSimulator7.1.sdk/usr/lib/libAXSpeechManager.dylib. One of the two will be used. Which one is undefined.
2014-08-13 09:41:57.606 appriporta[36404:70b] Cannot find executable for CFBundle 0xac5e380 </Applications/Xcode.app/Contents/Developer/Platforms/iPhoneSimulator.platform/Developer/SDKs/iPhoneSimulator7.1.sdk/System/Library/AccessibilityBundles/GeoServices.axbundle> (not loaded)
2014-08-13 09:41:57.612 appriporta[36404:70b] Cannot find executable for CFBundle 0xa3373a0 </Applications/Xcode.app/Contents/Developer/Platforms/iPhoneSimulator.platform/Developer/SDKs/iPhoneSimulator7.1.sdk/System/Library/AccessibilityBundles/CertUIFramework.axbundle> (not loaded)
2014-08-13 09:41:57.670 appriporta[36404:70b] Multi-tasking -> Device: YES, App: YES
2014-08-13 09:41:57.700 appriporta[36404:70b] Unlimited access to network resources
2014-08-13 09:41:57.703 appriporta[36404:70b] 

Started backup to iCloud! Please be careful.
Your application might rejected by Apple if you store too much data.
For more information please read "iOS Data Storage Guidelines"
You could find it at the following address https://developer.apple.com/icloud/documentation/data-storage/ .

2014-08-13 09:41:57.976 appriporta[36404:70b] Resetting plugins due to page load.
2014-08-13 09:41:58.049 appriporta[36404:70b] Finished load of: file:///Users/pscanf/Library/Application%20Support/iPhone%20Simulator/7.1/Applications/5F3529A6-925C-49FF-8A5F-CEF7152DD948/appriporta.app/www/index.html
Terminating in response to SpringBoard's termination.
